<html>
<head>
<title>TestNG:  Test</title>
<link href="../testng.css" rel="stylesheet" type="text/css" />
<link href="../my-testng.css" rel="stylesheet" type="text/css" />

<style type="text/css">
.log { display: none;} 
.stack-trace { display: none;} 
</style>
<script type="text/javascript">
<!--
function flip(e) {
  current = e.style.display;
  if (current == 'block') {
    e.style.display = 'none';
    return 0;
  }
  else {
    e.style.display = 'block';
    return 1;
  }
}

function toggleBox(szDivId, elem, msg1, msg2)
{
  var res = -1;  if (document.getElementById) {
    res = flip(document.getElementById(szDivId));
  }
  else if (document.all) {
    // this is the way old msie versions work
    res = flip(document.all[szDivId]);
  }
  if(elem) {
    if(res == 0) elem.innerHTML = msg1; else elem.innerHTML = msg2;
  }

}

function toggleAllBoxes() {
  if (document.getElementsByTagName) {
    d = document.getElementsByTagName('div');
    for (i = 0; i < d.length; i++) {
      if (d[i].className == 'log') {
        flip(d[i]);
      }
    }
  }
}

// -->
</script>

</head>
<body>
<h2 align='center'>Test</h2><table border='1' align="center">
<tr>
<td>Tests passed/Failed/Skipped:</td><td>19/0/2</td>
</tr><tr>
<td>Started on:</td><td>Wed Feb 09 21:21:37 IST 2022</td>
</tr>
<tr><td>Total time:</td><td>383 seconds (383235 ms)</td>
</tr><tr>
<td>Included groups:</td><td>search LogIn </td>
</tr><tr>
<td>Excluded groups:</td><td></td>
</tr>
</table><p/>
<small><i>(Hover the method name to see the test class name)</i></small><p/>
<table width='100%' border='1' class='invocation-passed'>
<tr><td colspan='4' align='center'><b>PASSED TESTS</b></td></tr>
<tr><td><b>Test method</b></td>
<td width="30%"><b>Exception</b></td>
<td width="10%"><b>Time (seconds)</b></td>
<td><b>Instance</b></td>
</tr>
<tr>
<td title='com.EndTestFlipKartAssignment.tests.CoinBalanceTest.BalanceCheckFunctionality()'><b>BalanceCheckFunctionality</b><br>Test class: com.EndTestFlipKartAssignment.tests.CoinBalanceTest</td>
<td></td>
<td>8</td>
<td>com.EndTestFlipKartAssignment.tests.CoinBalanceTest@6f63c44f</td></tr>
<tr>
<td title='com.EndTestFlipKartAssignment.tests.HomePageClickTest.HomePageClickFunctionality()'><b>HomePageClickFunctionality</b><br>Test class: com.EndTestFlipKartAssignment.tests.HomePageClickTest</td>
<td></td>
<td>15</td>
<td>com.EndTestFlipKartAssignment.tests.HomePageClickTest@2e6ba49a</td></tr>
<tr>
<td title='com.EndTestFlipKartAssignment.tests.LogOutTest.LogOutFunctionality()'><b>LogOutFunctionality</b><br>Test class: com.EndTestFlipKartAssignment.tests.LogOutTest</td>
<td></td>
<td>5</td>
<td>com.EndTestFlipKartAssignment.tests.LogOutTest@5ffc5491</td></tr>
<tr>
<td title='com.EndTestFlipKartAssignment.tests.AddToCartTest.addToCartFunctionality()'><b>addToCartFunctionality</b><br>Test class: com.EndTestFlipKartAssignment.tests.AddToCartTest</td>
<td></td>
<td>17</td>
<td>com.EndTestFlipKartAssignment.tests.AddToCartTest@3e58d65e</td></tr>
<tr>
<td title='com.EndTestFlipKartAssignment.tests.AddToWishlistTest.addToWishListFunctionality()'><b>addToWishListFunctionality</b><br>Test class: com.EndTestFlipKartAssignment.tests.AddToWishlistTest</td>
<td></td>
<td>8</td>
<td>com.EndTestFlipKartAssignment.tests.AddToWishlistTest@7e0b9178</td></tr>
<tr>
<td title='com.EndTestFlipKartAssignment.tests.EditProfileTest.addressEditFunctionality()'><b>addressEditFunctionality</b><br>Test class: com.EndTestFlipKartAssignment.tests.EditProfileTest</td>
<td></td>
<td>14</td>
<td>com.EndTestFlipKartAssignment.tests.EditProfileTest@62a8fd44</td></tr>
<tr>
<td title='com.EndTestFlipKartAssignment.tests.SearchTest.applyFiltersSearchFunctionality()'><b>applyFiltersSearchFunctionality</b><br>Test class: com.EndTestFlipKartAssignment.tests.SearchTest</td>
<td></td>
<td>10</td>
<td>com.EndTestFlipKartAssignment.tests.SearchTest@3c443976</td></tr>
<tr>
<td title='com.EndTestFlipKartAssignment.tests.LoginTest.invalidLogInFunctionality()'><b>invalidLogInFunctionality</b><br>Test class: com.EndTestFlipKartAssignment.tests.LoginTest</td>
<td></td>
<td>0</td>
<td>com.EndTestFlipKartAssignment.tests.LoginTest@602c4656</td></tr>
<tr>
<td title='com.EndTestFlipKartAssignment.tests.OrderShowTest.orderDisplayFunctionality()'><b>orderDisplayFunctionality</b><br>Test class: com.EndTestFlipKartAssignment.tests.OrderShowTest</td>
<td></td>
<td>6</td>
<td>com.EndTestFlipKartAssignment.tests.OrderShowTest@705202d1</td></tr>
<tr>
<td title='com.EndTestFlipKartAssignment.tests.SearchTest.removeFiltersFunctionality()'><b>removeFiltersFunctionality</b><br>Test class: com.EndTestFlipKartAssignment.tests.SearchTest</td>
<td></td>
<td>14</td>
<td>com.EndTestFlipKartAssignment.tests.SearchTest@3c443976</td></tr>
<tr>
<td title='com.EndTestFlipKartAssignment.tests.RemoveFromWishlist.removeFromWishlistFunctionality()'><b>removeFromWishlistFunctionality</b><br>Test class: com.EndTestFlipKartAssignment.tests.RemoveFromWishlist</td>
<td></td>
<td>6</td>
<td>com.EndTestFlipKartAssignment.tests.RemoveFromWishlist@61942c1</td></tr>
<tr>
<td title='com.EndTestFlipKartAssignment.tests.RemoveItemTest.removeItemFunctionality()'><b>removeItemFunctionality</b><br>Test class: com.EndTestFlipKartAssignment.tests.RemoveItemTest</td>
<td></td>
<td>12</td>
<td>com.EndTestFlipKartAssignment.tests.RemoveItemTest@3bd55d8</td></tr>
<tr>
<td title='com.EndTestFlipKartAssignment.tests.SaveForLaterTest.saveForLaterFunctionality()'><b>saveForLaterFunctionality</b><br>Test class: com.EndTestFlipKartAssignment.tests.SaveForLaterTest</td>
<td></td>
<td>7</td>
<td>com.EndTestFlipKartAssignment.tests.SaveForLaterTest@63998bf4</td></tr>
<tr>
<td title='com.EndTestFlipKartAssignment.tests.SearchTest.searchExactKeywordFunctionality()'><b>searchExactKeywordFunctionality</b><br>Test class: com.EndTestFlipKartAssignment.tests.SearchTest</td>
<td></td>
<td>8</td>
<td>com.EndTestFlipKartAssignment.tests.SearchTest@3c443976</td></tr>
<tr>
<td title='com.EndTestFlipKartAssignment.tests.SearchTest.searchRandomKeywordFunctionality()'><b>searchRandomKeywordFunctionality</b><br>Test class: com.EndTestFlipKartAssignment.tests.SearchTest</td>
<td></td>
<td>9</td>
<td>com.EndTestFlipKartAssignment.tests.SearchTest@3c443976</td></tr>
<tr>
<td title='com.EndTestFlipKartAssignment.tests.SearchTest.searchWithDropdownFunctionality()'><b>searchWithDropdownFunctionality</b><br>Test class: com.EndTestFlipKartAssignment.tests.SearchTest</td>
<td></td>
<td>28</td>
<td>com.EndTestFlipKartAssignment.tests.SearchTest@3c443976</td></tr>
<tr>
<td title='com.EndTestFlipKartAssignment.tests.SortingTest.sortLowToHighFunctionality()'><b>sortLowToHighFunctionality</b><br>Test class: com.EndTestFlipKartAssignment.tests.SortingTest</td>
<td></td>
<td>32</td>
<td>com.EndTestFlipKartAssignment.tests.SortingTest@5f5b5ca4</td></tr>
<tr>
<td title='com.EndTestFlipKartAssignment.tests.LoginTest.validEmailLogInFunctionality()'><b>validEmailLogInFunctionality</b><br>Test class: com.EndTestFlipKartAssignment.tests.LoginTest</td>
<td></td>
<td>3</td>
<td>com.EndTestFlipKartAssignment.tests.LoginTest@602c4656</td></tr>
<tr>
<td title='com.EndTestFlipKartAssignment.tests.LoginTest.validLogInFunctionality()'><b>validLogInFunctionality</b><br>Test class: com.EndTestFlipKartAssignment.tests.LoginTest</td>
<td></td>
<td>3</td>
<td>com.EndTestFlipKartAssignment.tests.LoginTest@602c4656</td></tr>
</table><p>
<table width='100%' border='1' class='invocation-skipped'>
<tr><td colspan='4' align='center'><b>SKIPPED TESTS</b></td></tr>
<tr><td><b>Test method</b></td>
<td width="30%"><b>Exception</b></td>
<td width="10%"><b>Time (seconds)</b></td>
<td><b>Instance</b></td>
</tr>
<tr>
<td title='com.EndTestFlipKartAssignment.tests.AddressChangeCartTest.addressChangeInCartFunctionality()'><b>addressChangeInCartFunctionality</b><br>Test class: com.EndTestFlipKartAssignment.tests.AddressChangeCartTest</td>
<td><div><pre>org.testng.SkipException: Skipping this exception
	at com.EndTestFlipKartAssignment.tests.CommonUtils.toCheckExecutionRequired(CommonUtils.java:46)
	at com.EndTestFlipKartAssignment.tests.AddressChangeCartTest.addressChangeInCartFunctionality(AddressChangeCartTest.java:43)
... Removed 25 stack frames</pre></div><a href='#' onClick='toggleBox("stack-trace814987775", this, "Click to show all stack frames", "Click to hide stack frames")'>Click to show all stack frames</a>
<div class='stack-trace' id='stack-trace814987775'><pre>org.testng.SkipException: Skipping this exception
	at com.EndTestFlipKartAssignment.tests.CommonUtils.toCheckExecutionRequired(CommonUtils.java:46)
	at com.EndTestFlipKartAssignment.tests.AddressChangeCartTest.addressChangeInCartFunctionality(AddressChangeCartTest.java:43)
	at java.base/jdk.internal.reflect.NativeMethodAccessorImpl.invoke0(Native Method)
	at java.base/jdk.internal.reflect.NativeMethodAccessorImpl.invoke(NativeMethodAccessorImpl.java:62)
	at java.base/jdk.internal.reflect.DelegatingMethodAccessorImpl.invoke(DelegatingMethodAccessorImpl.java:43)
	at java.base/java.lang.reflect.Method.invoke(Method.java:566)
	at org.testng.internal.MethodInvocationHelper.invokeMethod(MethodInvocationHelper.java:124)
	at org.testng.internal.Invoker.invokeMethod(Invoker.java:583)
	at org.testng.internal.Invoker.invokeTestMethod(Invoker.java:719)
	at org.testng.internal.Invoker.invokeTestMethods(Invoker.java:989)
	at org.testng.internal.TestMethodWorker.invokeTestMethods(TestMethodWorker.java:125)
	at org.testng.internal.TestMethodWorker.run(TestMethodWorker.java:109)
	at org.testng.TestRunner.privateRun(TestRunner.java:648)
	at org.testng.TestRunner.run(TestRunner.java:505)
	at org.testng.SuiteRunner.runTest(SuiteRunner.java:455)
	at org.testng.SuiteRunner.runSequentially(SuiteRunner.java:450)
	at org.testng.SuiteRunner.privateRun(SuiteRunner.java:415)
	at org.testng.SuiteRunner.run(SuiteRunner.java:364)
	at org.testng.SuiteRunnerWorker.runSuite(SuiteRunnerWorker.java:52)
	at org.testng.SuiteRunnerWorker.run(SuiteRunnerWorker.java:84)
	at org.testng.TestNG.runSuitesSequentially(TestNG.java:1208)
	at org.testng.TestNG.runSuitesLocally(TestNG.java:1137)
	at org.testng.TestNG.runSuites(TestNG.java:1049)
	at org.testng.TestNG.run(TestNG.java:1017)
	at org.testng.remote.AbstractRemoteTestNG.run(AbstractRemoteTestNG.java:115)
	at org.testng.remote.RemoteTestNG.initAndRun(RemoteTestNG.java:251)
	at org.testng.remote.RemoteTestNG.main(RemoteTestNG.java:77)
</pre></div></td>
<td>0</td>
<td>com.EndTestFlipKartAssignment.tests.AddressChangeCartTest@408a247c</td></tr>
<tr>
<td title='com.EndTestFlipKartAssignment.tests.SortingTest.sortHighToLowFunctionality()'><b>sortHighToLowFunctionality</b><br>Test class: com.EndTestFlipKartAssignment.tests.SortingTest</td>
<td><div><pre>org.testng.SkipException: Skipping this exception
	at com.EndTestFlipKartAssignment.tests.CommonUtils.toCheckExecutionRequired(CommonUtils.java:46)
	at com.EndTestFlipKartAssignment.tests.SortingTest.sortHighToLowFunctionality(SortingTest.java:102)
... Removed 25 stack frames</pre></div><a href='#' onClick='toggleBox("stack-trace647411335", this, "Click to show all stack frames", "Click to hide stack frames")'>Click to show all stack frames</a>
<div class='stack-trace' id='stack-trace647411335'><pre>org.testng.SkipException: Skipping this exception
	at com.EndTestFlipKartAssignment.tests.CommonUtils.toCheckExecutionRequired(CommonUtils.java:46)
	at com.EndTestFlipKartAssignment.tests.SortingTest.sortHighToLowFunctionality(SortingTest.java:102)
	at java.base/jdk.internal.reflect.NativeMethodAccessorImpl.invoke0(Native Method)
	at java.base/jdk.internal.reflect.NativeMethodAccessorImpl.invoke(NativeMethodAccessorImpl.java:62)
	at java.base/jdk.internal.reflect.DelegatingMethodAccessorImpl.invoke(DelegatingMethodAccessorImpl.java:43)
	at java.base/java.lang.reflect.Method.invoke(Method.java:566)
	at org.testng.internal.MethodInvocationHelper.invokeMethod(MethodInvocationHelper.java:124)
	at org.testng.internal.Invoker.invokeMethod(Invoker.java:583)
	at org.testng.internal.Invoker.invokeTestMethod(Invoker.java:719)
	at org.testng.internal.Invoker.invokeTestMethods(Invoker.java:989)
	at org.testng.internal.TestMethodWorker.invokeTestMethods(TestMethodWorker.java:125)
	at org.testng.internal.TestMethodWorker.run(TestMethodWorker.java:109)
	at org.testng.TestRunner.privateRun(TestRunner.java:648)
	at org.testng.TestRunner.run(TestRunner.java:505)
	at org.testng.SuiteRunner.runTest(SuiteRunner.java:455)
	at org.testng.SuiteRunner.runSequentially(SuiteRunner.java:450)
	at org.testng.SuiteRunner.privateRun(SuiteRunner.java:415)
	at org.testng.SuiteRunner.run(SuiteRunner.java:364)
	at org.testng.SuiteRunnerWorker.runSuite(SuiteRunnerWorker.java:52)
	at org.testng.SuiteRunnerWorker.run(SuiteRunnerWorker.java:84)
	at org.testng.TestNG.runSuitesSequentially(TestNG.java:1208)
	at org.testng.TestNG.runSuitesLocally(TestNG.java:1137)
	at org.testng.TestNG.runSuites(TestNG.java:1049)
	at org.testng.TestNG.run(TestNG.java:1017)
	at org.testng.remote.AbstractRemoteTestNG.run(AbstractRemoteTestNG.java:115)
	at org.testng.remote.RemoteTestNG.initAndRun(RemoteTestNG.java:251)
	at org.testng.remote.RemoteTestNG.main(RemoteTestNG.java:77)
</pre></div></td>
<td>0</td>
<td>com.EndTestFlipKartAssignment.tests.SortingTest@5f5b5ca4</td></tr>
</table><p>
</body>
</html>