<?xml version="1.0" encoding="UTF-8"?>
<!-- Generated by org.testng.reporters.JUnitXMLReporter -->
<testsuite ignored="26" hostname="shubhangishar01" failures="0" tests="20" name="Test" time="183.981" errors="0" timestamp="08 Feb 2022 18:54:07 GMT">
  <testcase classname="com.EndTestFlipKartAssignment.tests.BaseTest" name="@BeforeMethod initializeWebdriver" time="2.787">
    <failure type="org.openqa.selenium.NoSuchWindowException" message="no such window: target window already closed
from unknown error: web view not found
  (Session info: chrome=98.0.4758.81)
Build info: version: &amp;apos;3.141.59&amp;apos;, revision: &amp;apos;e82be7d358&amp;apos;, time: &amp;apos;2018-11-14T08:17:03&amp;apos;
System info: host: &amp;apos;SHUBHANGISHAR01&amp;apos;, ip: &amp;apos;192.168.1.43&amp;apos;, os.name: &amp;apos;Windows 10&amp;apos;, os.arch: &amp;apos;amd64&amp;apos;, os.version: &amp;apos;10.0&amp;apos;, java.version: &amp;apos;11&amp;apos;
Driver info: org.openqa.selenium.chrome.ChromeDriver
Capabilities {acceptInsecureCerts: false, browserName: chrome, browserVersion: 98.0.4758.81, chrome: {chromedriverVersion: 98.0.4758.48 (d869ab3eda606..., userDataDir: C:\Users\SHUBHA~1\AppData\L...}, goog:chromeOptions: {debuggerAddress: localhost:53893}, javascriptEnabled: true, networkConnectionEnabled: false, pageLoadStrategy: normal, platform: WINDOWS, platformName: WINDOWS, proxy: Proxy(), setWindowRect: true, strictFileInteractability: false, timeouts: {implicit: 0, pageLoad: 300000, script: 30000}, unhandledPromptBehavior: dismiss and notify, webauthn:extension:credBlob: true, webauthn:extension:largeBlob: true, webauthn:virtualAuthenticators: true}
Session ID: 40f2e7523038ff995817ff4539fa8d94">
      <![CDATA[org.openqa.selenium.NoSuchWindowException: no such window: target window already closed
from unknown error: web view not found
  (Session info: chrome=98.0.4758.81)
Build info: version: '3.141.59', revision: 'e82be7d358', time: '2018-11-14T08:17:03'
System info: host: 'SHUBHANGISHAR01', ip: '192.168.1.43', os.name: 'Windows 10', os.arch: 'amd64', os.version: '10.0', java.version: '11'
Driver info: org.openqa.selenium.chrome.ChromeDriver
Capabilities {acceptInsecureCerts: false, browserName: chrome, browserVersion: 98.0.4758.81, chrome: {chromedriverVersion: 98.0.4758.48 (d869ab3eda606..., userDataDir: C:\Users\SHUBHA~1\AppData\L...}, goog:chromeOptions: {debuggerAddress: localhost:53893}, javascriptEnabled: true, networkConnectionEnabled: false, pageLoadStrategy: normal, platform: WINDOWS, platformName: WINDOWS, proxy: Proxy(), setWindowRect: true, strictFileInteractability: false, timeouts: {implicit: 0, pageLoad: 300000, script: 30000}, unhandledPromptBehavior: dismiss and notify, webauthn:extension:credBlob: true, webauthn:extension:largeBlob: true, webauthn:virtualAuthenticators: true}
Session ID: 40f2e7523038ff995817ff4539fa8d94
at org.openqa.selenium.remote.http.W3CHttpResponseCodec.createException(W3CHttpResponseCodec.java:187)
at org.openqa.selenium.remote.http.W3CHttpResponseCodec.decode(W3CHttpResponseCodec.java:122)
at org.openqa.selenium.remote.http.W3CHttpResponseCodec.decode(W3CHttpResponseCodec.java:49)
at org.openqa.selenium.remote.HttpCommandExecutor.execute(HttpCommandExecutor.java:158)
at org.openqa.selenium.remote.service.DriverCommandExecutor.execute(DriverCommandExecutor.java:83)
at org.openqa.selenium.remote.RemoteWebDriver.execute(RemoteWebDriver.java:552)
at org.openqa.selenium.remote.RemoteWebDriver.execute(RemoteWebDriver.java:609)
at org.openqa.selenium.remote.RemoteWebDriver$RemoteWebDriverOptions$RemoteWindow.maximize(RemoteWebDriver.java:837)
at com.EndTestFlipKartAssignment.tests.BaseTest.initializeWebdriver(BaseTest.java:131)
... Removed 36 stack frames]]>
    </failure>
  </testcase> <!-- @BeforeMethod initializeWebdriver -->
  <testcase classname="com.EndTestFlipKartAssignment.tests.BaseTest" name="@BeforeMethod openUrl" time="0.0">
    <skipped/>
  </testcase> <!-- @BeforeMethod openUrl -->
  <testcase classname="com.EndTestFlipKartAssignment.tests.BaseTest" name="@AfterMethod attachScreenshot" time="0.0">
    <skipped/>
  </testcase> <!-- @AfterMethod attachScreenshot -->
  <testcase classname="com.EndTestFlipKartAssignment.tests.BaseTest" name="@AfterMethod closeBrowser" time="0.0">
    <skipped/>
  </testcase> <!-- @AfterMethod closeBrowser -->
  <testcase classname="com.EndTestFlipKartAssignment.tests.BaseTest" name="@BeforeMethod initializeWebdriver" time="0.0">
    <skipped/>
  </testcase> <!-- @BeforeMethod initializeWebdriver -->
  <testcase classname="com.EndTestFlipKartAssignment.tests.BaseTest" name="@BeforeMethod openUrl" time="0.0">
    <skipped/>
  </testcase> <!-- @BeforeMethod openUrl -->
  <testcase classname="com.EndTestFlipKartAssignment.tests.BaseTest" name="@AfterMethod attachScreenshot" time="0.0">
    <skipped/>
  </testcase> <!-- @AfterMethod attachScreenshot -->
  <testcase classname="com.EndTestFlipKartAssignment.tests.BaseTest" name="@AfterMethod closeBrowser" time="0.0">
    <skipped/>
  </testcase> <!-- @AfterMethod closeBrowser -->
  <testcase classname="com.EndTestFlipKartAssignment.tests.BaseTest" name="@BeforeMethod initializeWebdriver" time="0.0">
    <skipped/>
  </testcase> <!-- @BeforeMethod initializeWebdriver -->
  <testcase classname="com.EndTestFlipKartAssignment.tests.BaseTest" name="@BeforeMethod openUrl" time="0.0">
    <skipped/>
  </testcase> <!-- @BeforeMethod openUrl -->
  <testcase classname="com.EndTestFlipKartAssignment.tests.BaseTest" name="@AfterMethod attachScreenshot" time="0.0">
    <skipped/>
  </testcase> <!-- @AfterMethod attachScreenshot -->
  <testcase classname="com.EndTestFlipKartAssignment.tests.BaseTest" name="@AfterMethod closeBrowser" time="0.0">
    <skipped/>
  </testcase> <!-- @AfterMethod closeBrowser -->
  <testcase classname="com.EndTestFlipKartAssignment.tests.BaseTest" name="@BeforeMethod initializeWebdriver" time="0.0">
    <skipped/>
  </testcase> <!-- @BeforeMethod initializeWebdriver -->
  <testcase classname="com.EndTestFlipKartAssignment.tests.BaseTest" name="@BeforeMethod openUrl" time="0.0">
    <skipped/>
  </testcase> <!-- @BeforeMethod openUrl -->
  <testcase classname="com.EndTestFlipKartAssignment.tests.BaseTest" name="@AfterMethod attachScreenshot" time="0.0">
    <skipped/>
  </testcase> <!-- @AfterMethod attachScreenshot -->
  <testcase classname="com.EndTestFlipKartAssignment.tests.BaseTest" name="@AfterMethod closeBrowser" time="0.0">
    <skipped/>
  </testcase> <!-- @AfterMethod closeBrowser -->
  <testcase classname="com.EndTestFlipKartAssignment.tests.BaseTest" name="@BeforeMethod initializeWebdriver" time="0.0">
    <skipped/>
  </testcase> <!-- @BeforeMethod initializeWebdriver -->
  <testcase classname="com.EndTestFlipKartAssignment.tests.BaseTest" name="@BeforeMethod openUrl" time="0.0">
    <skipped/>
  </testcase> <!-- @BeforeMethod openUrl -->
  <testcase classname="com.EndTestFlipKartAssignment.tests.BaseTest" name="@AfterMethod attachScreenshot" time="0.0">
    <skipped/>
  </testcase> <!-- @AfterMethod attachScreenshot -->
  <testcase classname="com.EndTestFlipKartAssignment.tests.BaseTest" name="@AfterMethod closeBrowser" time="0.0">
    <skipped/>
  </testcase> <!-- @AfterMethod closeBrowser -->
  <testcase classname="com.EndTestFlipKartAssignment.tests.BaseTest" name="@BeforeMethod initializeWebdriver" time="0.0">
    <skipped/>
  </testcase> <!-- @BeforeMethod initializeWebdriver -->
  <testcase classname="com.EndTestFlipKartAssignment.tests.BaseTest" name="@BeforeMethod openUrl" time="0.0">
    <skipped/>
  </testcase> <!-- @BeforeMethod openUrl -->
  <testcase classname="com.EndTestFlipKartAssignment.tests.BaseTest" name="@AfterMethod attachScreenshot" time="0.0">
    <skipped/>
  </testcase> <!-- @AfterMethod attachScreenshot -->
  <testcase classname="com.EndTestFlipKartAssignment.tests.BaseTest" name="@AfterMethod closeBrowser" time="0.0">
    <skipped/>
  </testcase> <!-- @AfterMethod closeBrowser -->
  <testcase classname="com.EndTestFlipKartAssignment.tests.BaseTest" name="@BeforeMethod initializeWebdriver" time="0.0">
    <skipped/>
  </testcase> <!-- @BeforeMethod initializeWebdriver -->
  <testcase classname="com.EndTestFlipKartAssignment.tests.BaseTest" name="@BeforeMethod openUrl" time="0.0">
    <skipped/>
  </testcase> <!-- @BeforeMethod openUrl -->
  <testcase classname="com.EndTestFlipKartAssignment.tests.BaseTest" name="@AfterMethod attachScreenshot" time="0.0">
    <skipped/>
  </testcase> <!-- @AfterMethod attachScreenshot -->
  <testcase classname="com.EndTestFlipKartAssignment.tests.BaseTest" name="@AfterMethod closeBrowser" time="0.0">
    <skipped/>
  </testcase> <!-- @AfterMethod closeBrowser -->
  <testcase classname="com.EndTestFlipKartAssignment.tests.BaseTest" name="@BeforeMethod initializeWebdriver" time="0.0">
    <skipped/>
  </testcase> <!-- @BeforeMethod initializeWebdriver -->
  <testcase classname="com.EndTestFlipKartAssignment.tests.BaseTest" name="@BeforeMethod openUrl" time="0.0">
    <skipped/>
  </testcase> <!-- @BeforeMethod openUrl -->
  <testcase classname="com.EndTestFlipKartAssignment.tests.BaseTest" name="@AfterMethod attachScreenshot" time="0.0">
    <skipped/>
  </testcase> <!-- @AfterMethod attachScreenshot -->
  <testcase classname="com.EndTestFlipKartAssignment.tests.BaseTest" name="@AfterMethod closeBrowser" time="0.0">
    <skipped/>
  </testcase> <!-- @AfterMethod closeBrowser -->
  <testcase classname="com.EndTestFlipKartAssignment.tests.BaseTest" name="@BeforeMethod initializeWebdriver" time="0.0">
    <skipped/>
  </testcase> <!-- @BeforeMethod initializeWebdriver -->
  <testcase classname="com.EndTestFlipKartAssignment.tests.BaseTest" name="@BeforeMethod openUrl" time="0.0">
    <skipped/>
  </testcase> <!-- @BeforeMethod openUrl -->
  <testcase classname="com.EndTestFlipKartAssignment.tests.BaseTest" name="@AfterMethod attachScreenshot" time="0.0">
    <skipped/>
  </testcase> <!-- @AfterMethod attachScreenshot -->
  <testcase classname="com.EndTestFlipKartAssignment.tests.BaseTest" name="@AfterMethod closeBrowser" time="0.0">
    <skipped/>
  </testcase> <!-- @AfterMethod closeBrowser -->
  <testcase classname="com.EndTestFlipKartAssignment.tests.BaseTest" name="@BeforeMethod initializeWebdriver" time="0.0">
    <skipped/>
  </testcase> <!-- @BeforeMethod initializeWebdriver -->
  <testcase classname="com.EndTestFlipKartAssignment.tests.BaseTest" name="@BeforeMethod openUrl" time="0.0">
    <skipped/>
  </testcase> <!-- @BeforeMethod openUrl -->
  <testcase classname="com.EndTestFlipKartAssignment.tests.BaseTest" name="@AfterMethod attachScreenshot" time="0.0">
    <skipped/>
  </testcase> <!-- @AfterMethod attachScreenshot -->
  <testcase classname="com.EndTestFlipKartAssignment.tests.BaseTest" name="@AfterMethod closeBrowser" time="0.0">
    <skipped/>
  </testcase> <!-- @AfterMethod closeBrowser -->
  <testcase classname="com.EndTestFlipKartAssignment.tests.BaseTest" name="@BeforeMethod initializeWebdriver" time="0.0">
    <skipped/>
  </testcase> <!-- @BeforeMethod initializeWebdriver -->
  <testcase classname="com.EndTestFlipKartAssignment.tests.BaseTest" name="@BeforeMethod openUrl" time="0.0">
    <skipped/>
  </testcase> <!-- @BeforeMethod openUrl -->
  <testcase classname="com.EndTestFlipKartAssignment.tests.BaseTest" name="@AfterMethod attachScreenshot" time="0.0">
    <skipped/>
  </testcase> <!-- @AfterMethod attachScreenshot -->
  <testcase classname="com.EndTestFlipKartAssignment.tests.BaseTest" name="@AfterMethod closeBrowser" time="0.0">
    <skipped/>
  </testcase> <!-- @AfterMethod closeBrowser -->
  <testcase classname="com.EndTestFlipKartAssignment.tests.BaseTest" name="@AfterTest endReport" time="0.0">
    <skipped/>
  </testcase> <!-- @AfterTest endReport -->
  <testcase classname="com.EndTestFlipKartAssignment.tests.LoginTest" name="validLogInFunctionality" time="5.993"/>
  <testcase classname="com.EndTestFlipKartAssignment.tests.LoginTest" name="invalidLogInFunctionality" time="2.053"/>
  <testcase classname="com.EndTestFlipKartAssignment.tests.LogOutTest" name="LogOutFunctionality" time="8.358"/>
  <testcase classname="com.EndTestFlipKartAssignment.tests.OrderShowTest" name="orderDisplayFunctionality" time="8.096"/>
  <testcase classname="com.EndTestFlipKartAssignment.tests.SearchTest" name="searchExactKeywordFunctionality" time="9.844"/>
  <testcase classname="com.EndTestFlipKartAssignment.tests.SearchTest" name="searchRandomKeywordFunctionality" time="8.131"/>
  <testcase classname="com.EndTestFlipKartAssignment.tests.SearchTest" name="applyFiltersSearchFunctionality" time="14.388"/>
  <testcase classname="com.EndTestFlipKartAssignment.tests.SearchTest" name="removeFiltersFunctionality" time="17.08"/>
  <testcase classname="com.EndTestFlipKartAssignment.tests.SearchTest" name="searchWithDropdownFunctionality" time="41.843"/>
  <testcase classname="com.EndTestFlipKartAssignment.tests.AddToCartTest" name="addToCartFunctionality" time="0.0">
    <skipped/>
  </testcase> <!-- addToCartFunctionality -->
  <testcase classname="com.EndTestFlipKartAssignment.tests.SaveForLaterTest" name="saveForLaterFunctionality" time="0.0">
    <skipped/>
  </testcase> <!-- saveForLaterFunctionality -->
  <testcase classname="com.EndTestFlipKartAssignment.tests.RemoveItemTest" name="removeItemFunctionality" time="0.0">
    <skipped/>
  </testcase> <!-- removeItemFunctionality -->
  <testcase classname="com.EndTestFlipKartAssignment.tests.AddToWishlistTest" name="addToWishListFunctionality" time="0.0">
    <skipped/>
  </testcase> <!-- addToWishListFunctionality -->
  <testcase classname="com.EndTestFlipKartAssignment.tests.RemoveFromWishlist" name="removeFromWishlistFunctionality" time="0.0">
    <skipped/>
  </testcase> <!-- removeFromWishlistFunctionality -->
  <testcase classname="com.EndTestFlipKartAssignment.tests.CoinBalanceTest" name="BalanceCheckFunctionality" time="0.0">
    <skipped/>
  </testcase> <!-- BalanceCheckFunctionality -->
  <testcase classname="com.EndTestFlipKartAssignment.tests.AddressChangeCartTest" name="addressChangeInCartFunctionality" time="0.0">
    <skipped/>
  </testcase> <!-- addressChangeInCartFunctionality -->
  <testcase classname="com.EndTestFlipKartAssignment.tests.EditProfileTest" name="addressEditFunctionality" time="0.0">
    <skipped/>
  </testcase> <!-- addressEditFunctionality -->
  <testcase classname="com.EndTestFlipKartAssignment.tests.HomePageClickTest" name="HomePageClickFunctionality" time="0.0">
    <skipped/>
  </testcase> <!-- HomePageClickFunctionality -->
  <testcase classname="com.EndTestFlipKartAssignment.tests.SortingTest" name="sortLowToHighFunctionality" time="0.0">
    <skipped/>
  </testcase> <!-- sortLowToHighFunctionality -->
  <testcase classname="com.EndTestFlipKartAssignment.tests.SortingTest" name="sortHighToLowFunctionality" time="0.0">
    <skipped/>
  </testcase> <!-- sortHighToLowFunctionality -->
  <testcase classname="com.EndTestFlipKartAssignment.tests.BaseTest" name="@AfterTest endReport" time="0.0">
    <ignored/>
  </testcase> <!-- @AfterTest endReport -->
  <testcase classname="com.EndTestFlipKartAssignment.tests.BaseTest" name="@AfterTest endReport" time="0.0">
    <ignored/>
  </testcase> <!-- @AfterTest endReport -->
  <testcase classname="com.EndTestFlipKartAssignment.tests.BaseTest" name="@AfterTest endReport" time="0.0">
    <ignored/>
  </testcase> <!-- @AfterTest endReport -->
  <testcase classname="com.EndTestFlipKartAssignment.tests.BaseTest" name="@AfterTest endReport" time="0.0">
    <ignored/>
  </testcase> <!-- @AfterTest endReport -->
  <testcase classname="com.EndTestFlipKartAssignment.tests.BaseTest" name="@AfterTest endReport" time="0.0">
    <ignored/>
  </testcase> <!-- @AfterTest endReport -->
  <testcase classname="com.EndTestFlipKartAssignment.tests.BaseTest" name="@AfterTest endReport" time="0.0">
    <ignored/>
  </testcase> <!-- @AfterTest endReport -->
  <testcase classname="com.EndTestFlipKartAssignment.tests.BaseTest" name="@AfterTest endReport" time="0.0">
    <ignored/>
  </testcase> <!-- @AfterTest endReport -->
  <testcase classname="com.EndTestFlipKartAssignment.tests.BaseTest" name="@AfterTest endReport" time="0.0">
    <ignored/>
  </testcase> <!-- @AfterTest endReport -->
  <testcase classname="com.EndTestFlipKartAssignment.tests.BaseTest" name="@AfterTest endReport" time="0.0">
    <ignored/>
  </testcase> <!-- @AfterTest endReport -->
  <testcase classname="com.EndTestFlipKartAssignment.tests.BaseTest" name="@AfterTest endReport" time="0.0">
    <ignored/>
  </testcase> <!-- @AfterTest endReport -->
  <testcase classname="com.EndTestFlipKartAssignment.tests.BaseTest" name="@AfterTest endReport" time="0.0">
    <ignored/>
  </testcase> <!-- @AfterTest endReport -->
  <testcase classname="com.EndTestFlipKartAssignment.tests.BaseTest" name="@AfterTest endReport" time="0.0">
    <ignored/>
  </testcase> <!-- @AfterTest endReport -->
  <testcase classname="com.EndTestFlipKartAssignment.tests.BaseTest" name="@AfterTest endReport" time="0.0">
    <ignored/>
  </testcase> <!-- @AfterTest endReport -->
  <testcase classname="com.EndTestFlipKartAssignment.tests.BaseTest" name="@BeforeTest setExtent" time="0.0">
    <ignored/>
  </testcase> <!-- @BeforeTest setExtent -->
  <testcase classname="com.EndTestFlipKartAssignment.tests.BaseTest" name="@BeforeTest setExtent" time="0.0">
    <ignored/>
  </testcase> <!-- @BeforeTest setExtent -->
  <testcase classname="com.EndTestFlipKartAssignment.tests.BaseTest" name="@BeforeTest setExtent" time="0.0">
    <ignored/>
  </testcase> <!-- @BeforeTest setExtent -->
  <testcase classname="com.EndTestFlipKartAssignment.tests.BaseTest" name="@BeforeTest setExtent" time="0.0">
    <ignored/>
  </testcase> <!-- @BeforeTest setExtent -->
  <testcase classname="com.EndTestFlipKartAssignment.tests.BaseTest" name="@BeforeTest setExtent" time="0.0">
    <ignored/>
  </testcase> <!-- @BeforeTest setExtent -->
  <testcase classname="com.EndTestFlipKartAssignment.tests.BaseTest" name="@BeforeTest setExtent" time="0.0">
    <ignored/>
  </testcase> <!-- @BeforeTest setExtent -->
  <testcase classname="com.EndTestFlipKartAssignment.tests.BaseTest" name="@BeforeTest setExtent" time="0.0">
    <ignored/>
  </testcase> <!-- @BeforeTest setExtent -->
  <testcase classname="com.EndTestFlipKartAssignment.tests.BaseTest" name="@BeforeTest setExtent" time="0.0">
    <ignored/>
  </testcase> <!-- @BeforeTest setExtent -->
  <testcase classname="com.EndTestFlipKartAssignment.tests.BaseTest" name="@BeforeTest setExtent" time="0.0">
    <ignored/>
  </testcase> <!-- @BeforeTest setExtent -->
  <testcase classname="com.EndTestFlipKartAssignment.tests.BaseTest" name="@BeforeTest setExtent" time="0.0">
    <ignored/>
  </testcase> <!-- @BeforeTest setExtent -->
  <testcase classname="com.EndTestFlipKartAssignment.tests.BaseTest" name="@BeforeTest setExtent" time="0.0">
    <ignored/>
  </testcase> <!-- @BeforeTest setExtent -->
  <testcase classname="com.EndTestFlipKartAssignment.tests.BaseTest" name="@BeforeTest setExtent" time="0.0">
    <ignored/>
  </testcase> <!-- @BeforeTest setExtent -->
  <testcase classname="com.EndTestFlipKartAssignment.tests.BaseTest" name="@BeforeTest setExtent" time="0.0">
    <ignored/>
  </testcase> <!-- @BeforeTest setExtent -->
</testsuite> <!-- Test -->
